2020-01-11T20:11:46+00:00 CRITICAL require(): Failed opening required 'D:\OSPanel\domains\A-WORDPRESS5/wp-content/themes/e-shop-grodno/inc/woocommerce.php' (include_path='.;d:/ospanel/modules/php/PHP-7.0;d:/ospanel/modules/php/PHP-7.0/PEAR/pear') в D:\OSPanel\domains\A-WORDPRESS5\wp-content\themes\e-shop-grodno\functions\functions-woocomerce.php на строке 4

2020-01-11T20:12:08+00:00 CRITICAL require(): Failed opening required 'D:\OSPanel\domains\A-WORDPRESS5/wp-content/themes/e-shop-grodno/inc/woocommerce.php' (include_path='.;d:/ospanel/modules/php/PHP-7.0;d:/ospanel/modules/php/PHP-7.0/PEAR/pear') в D:\OSPanel\domains\A-WORDPRESS5\wp-content\themes\e-shop-grodno\functions\functions-woocomerce.php на строке 4

2020-01-11T20:12:15+00:00 CRITICAL require(): Failed opening required 'D:\OSPanel\domains\A-WORDPRESS5/wp-content/themes/e-shop-grodno/inc/woocommerce.php' (include_path='.;d:/ospanel/modules/php/PHP-7.0;d:/ospanel/modules/php/PHP-7.0/PEAR/pear') в D:\OSPanel\domains\A-WORDPRESS5\wp-content\themes\e-shop-grodno\functions\functions-woocomerce.php на строке 4

2020-01-11T20:12:54+00:00 CRITICAL require(): Failed opening required 'D:\OSPanel\domains\A-WORDPRESS5/wp-content/themes/e-shop-grodno/inc/woocommerce.php' (include_path='.;d:/ospanel/modules/php/PHP-7.0;d:/ospanel/modules/php/PHP-7.0/PEAR/pear') в D:\OSPanel\domains\A-WORDPRESS5\wp-content\themes\e-shop-grodno\functions\functions-woocomerce.php на строке 4

2020-01-11T20:12:57+00:00 CRITICAL require(): Failed opening required 'D:\OSPanel\domains\A-WORDPRESS5/wp-content/themes/e-shop-grodno/inc/woocommerce.php' (include_path='.;d:/ospanel/modules/php/PHP-7.0;d:/ospanel/modules/php/PHP-7.0/PEAR/pear') в D:\OSPanel\domains\A-WORDPRESS5\wp-content\themes\e-shop-grodno\functions\functions-woocomerce.php на строке 4

2020-01-11T21:26:36+00:00 CRITICAL Uncaught Error: Call to a member function is_purchasable() on null in D:\OSPanel\domains\A-WORDPRESS5\wp-content\themes\e-shop-grodno\functions.php:56
Stack trace:
#0 D:\OSPanel\domains\A-WORDPRESS5\wp-includes\class-wp-hook.php(290): custom_woo_loop_add_to_cart_link('<a href="?add-t...')
#1 D:\OSPanel\domains\A-WORDPRESS5\wp-includes\plugin.php(206): WP_Hook->apply_filters('<a href="?add-t...', Array)
#2 D:\OSPanel\domains\A-WORDPRESS5\wp-content\plugins\woocommerce\templates\loop\add-to-cart.php(32): apply_filters('woocommerce_loo...', '<a href="?add-t...', Object(WC_Product_Simple), Array)
#3 D:\OSPanel\domains\A-WORDPRESS5\wp-content\plugins\woocommerce\includes\wc-core-functions.php(249): include('D:\\OSPanel\\doma...')
#4 D:\OSPanel\domains\A-WORDPRESS5\wp-content\plugins\woocommerce\includes\wc-template-functions.php(1263): wc_get_template('loop/add-to-car...', Array)
#5 D:\OSPanel\domains\A-WORDPRESS5\wp-includes\class-wp-hook.php(288): woocommerce_template_loop_add_to_cart(Array)
#6 D:\OSPanel\domain в D:\OSPanel\domains\A-WORDPRESS5\wp-content\themes\e-shop-grodno\functions.php на строке 56

2020-01-11T21:26:52+00:00 CRITICAL Uncaught Error: Call to a member function is_purchasable() on null in D:\OSPanel\domains\A-WORDPRESS5\wp-content\themes\e-shop-grodno\functions.php:56
Stack trace:
#0 D:\OSPanel\domains\A-WORDPRESS5\wp-includes\class-wp-hook.php(290): custom_woo_loop_add_to_cart_link('<a href="?add-t...')
#1 D:\OSPanel\domains\A-WORDPRESS5\wp-includes\plugin.php(206): WP_Hook->apply_filters('<a href="?add-t...', Array)
#2 D:\OSPanel\domains\A-WORDPRESS5\wp-content\plugins\woocommerce\templates\loop\add-to-cart.php(32): apply_filters('woocommerce_loo...', '<a href="?add-t...', Object(WC_Product_Simple), Array)
#3 D:\OSPanel\domains\A-WORDPRESS5\wp-content\plugins\woocommerce\includes\wc-core-functions.php(249): include('D:\\OSPanel\\doma...')
#4 D:\OSPanel\domains\A-WORDPRESS5\wp-content\plugins\woocommerce\includes\wc-template-functions.php(1263): wc_get_template('loop/add-to-car...', Array)
#5 D:\OSPanel\domains\A-WORDPRESS5\wp-includes\class-wp-hook.php(288): woocommerce_template_loop_add_to_cart(Array)
#6 D:\OSPanel\domain в D:\OSPanel\domains\A-WORDPRESS5\wp-content\themes\e-shop-grodno\functions.php на строке 56

